2004.08.05 09:27 B Z:\webnet\cfappldata\ResolutionCenter\speller\server-scripts\spellchecker.php <-- Resolutioncenterdev /opt/websphere/appserver/installedApps/s0adcw3s1d3/resolutioncenter_cfmx.ear/cfusion.war/resolutioncenter/speller/server-scripts spellchecker.php
2004.08.05 09:28 B Z:\webnet\cfappldata\ResolutionCenter\speller\server-scripts\spellchecker.pl <-- Resolutioncenterdev /opt/websphere/appserver/installedApps/s0adcw3s1d3/resolutioncenter_cfmx.ear/cfusion.war/resolutioncenter/speller/server-scripts spellchecker.pl
2004.08.05 10:04 B Z:\webnet\cfappldata\ResolutionCenter\speller\server-scripts\spellchecker.php --> resolutioncenterdev /opt/websphere/appserver/installedApps/s0adcw3s1d3/resolutioncenteruat_cfmx.ear/cfusion.war/speller/server-scripts spellchecker.php
2004.08.05 10:04 B Z:\webnet\cfappldata\ResolutionCenter\speller\server-scripts\spellchecker.pl --> resolutioncenterdev /opt/websphere/appserver/installedApps/s0adcw3s1d3/resolutioncenteruat_cfmx.ear/cfusion.war/speller/server-scripts spellchecker.pl
2004.08.05 10:04 B Z:\webnet\cfappldata\ResolutionCenter\speller\server-scripts\WS_FTP.LOG --> resolutioncenterdev /opt/websphere/appserver/installedApps/s0adcw3s1d3/resolutioncenteruat_cfmx.ear/cfusion.war/speller/server-scripts WS_FTP.LOG
2004.08.05 10:04 B Z:\webnet\cfappldata\ResolutionCenter\speller\server-scripts\WS_FTP.LOG --> resolutioncenterdev /opt/websphere/appserver/installedApps/s0adcw3s1d3/resolutioncenteruat_cfmx.ear/cfusion.war/resolutioncenter/speller/server-scripts WS_FTP.LOG
2004.08.12 11:28 B Z:\webnet\cfappldata\ResolutionCenter\speller\server-scripts\spellchecker.php --> s0adcw3s4p1.aholdusa.com /opt/websphere/appserver/installedApps/s0adcw3s4p1/resolutioncenter_cfmx.ear/cfusion.war/speller/server-scripts spellchecker.php
2004.08.12 11:28 B Z:\webnet\cfappldata\ResolutionCenter\speller\server-scripts\spellchecker.pl --> s0adcw3s4p1.aholdusa.com /opt/websphere/appserver/installedApps/s0adcw3s4p1/resolutioncenter_cfmx.ear/cfusion.war/speller/server-scripts spellchecker.pl
2004.08.12 11:28 B Z:\webnet\cfappldata\ResolutionCenter\speller\server-scripts\WS_FTP.LOG --> s0adcw3s4p1.aholdusa.com /opt/websphere/appserver/installedApps/s0adcw3s4p1/resolutioncenter_cfmx.ear/cfusion.war/speller/server-scripts WS_FTP.LOG
2004.08.12 13:44 B Z:\webnet\cfappldata\ResolutionCenter\speller\server-scripts\spellchecker.php <-- ResolutionCenter UAT /opt/websphere/appserver/installedApps/s0adcw3s1d3/resolutioncenteruat_cfmx.ear/cfusion.war/resolutioncenter/speller/server-scripts spellchecker.php
2004.08.12 13:44 B Z:\webnet\cfappldata\ResolutionCenter\speller\server-scripts\spellchecker.pl <-- ResolutionCenter UAT /opt/websphere/appserver/installedApps/s0adcw3s1d3/resolutioncenteruat_cfmx.ear/cfusion.war/resolutioncenter/speller/server-scripts spellchecker.pl
2004.08.12 16:19 B Z:\webnet\cfappldata\ResolutionCenter\speller\server-scripts\WS_FTP.LOG --> resolutioncenterdev /opt/websphere/appserver/installedApps/s0adcw3s1d3/resolutioncenteruat_cfmx.ear/cfusion.war/resolutioncenter/admin/speller/server-scripts WS_FTP.LOG
2004.08.12 16:19 B Z:\webnet\cfappldata\ResolutionCenter\speller\server-scripts\spellchecker.pl --> resolutioncenterdev /opt/websphere/appserver/installedApps/s0adcw3s1d3/resolutioncenteruat_cfmx.ear/cfusion.war/resolutioncenter/admin/speller/server-scripts spellchecker.pl
2004.08.12 16:19 B Z:\webnet\cfappldata\ResolutionCenter\speller\server-scripts\spellchecker.php --> resolutioncenterdev /opt/websphere/appserver/installedApps/s0adcw3s1d3/resolutioncenteruat_cfmx.ear/cfusion.war/resolutioncenter/admin/speller/server-scripts spellchecker.php
2004.08.12 16:33 B Z:\webnet\cfappldata\ResolutionCenter\speller\server-scripts\WS_FTP.LOG --> s0adcw3s4p1.aholdusa.com /opt/websphere/appserver/installedApps/s0adcw3s4p1/resolutioncenter_cfmx.ear/cfusion.war/resolutioncenter/speller/server-scripts WS_FTP.LOG
2004.08.12 16:33 B Z:\webnet\cfappldata\ResolutionCenter\speller\server-scripts\spellchecker.pl --> s0adcw3s4p1.aholdusa.com /opt/websphere/appserver/installedApps/s0adcw3s4p1/resolutioncenter_cfmx.ear/cfusion.war/resolutioncenter/speller/server-scripts spellchecker.pl
2005.01.13 11:10 B C:\Development Backup Files\asr\cfappldata\asr\speller\server-scripts\WS_FTP.LOG <-- Dev /opt/websphere/appserver/installedApps/s0adcw3s1d3/asr_cfmx.ear/cfusion.war/cfappldata/asr/speller/server-scripts WS_FTP.LOG
2005.01.13 11:11 B C:\Development Backup Files\asr\cfappldata\asr\speller\server-scripts\spellchecker.php --> s0adcw3s4p1.aholdusa.com /opt/websphere/appserver/installedApps/s0adcw3s4p1/asr_cfmx.ear/cfusion.war/cfappldata/asr/speller/server-scripts spellchecker.php
2005.01.13 11:11 B C:\Development Backup Files\asr\cfappldata\asr\speller\server-scripts\spellchecker.pl --> s0adcw3s4p1.aholdusa.com /opt/websphere/appserver/installedApps/s0adcw3s4p1/asr_cfmx.ear/cfusion.war/cfappldata/asr/speller/server-scripts spellchecker.pl
2005.01.17 16:47 B C:\Development Backup Files\asr\cfappldata\asr\speller\server-scripts\WS_FTP.LOG <-- Prod 1 /opt/websphere/appserver/installedApps/s0adcw3s4p1/asr_cfmx.ear/cfusion.war/cfappldata/asr/speller/server-scripts WS_FTP.LOG
2005.01.17 16:48 B C:\Development Backup Files\asr\cfappldata\asr\speller\server-scripts\WS_FTP.LOG --> s0adcw4s2p1.aholdusa.com /opt/websphere/appserver/installedApps/s0adcw4s2p1/asr_cfmx.ear/cfusion.war/cfappldata/asr/speller/server-scripts WS_FTP.LOG
2005.01.18 08:17 B C:\Development Backup Files\asr\cfappldata\asr\speller\server-scripts\spellchecker.php --> s0adcw3s1d3.aholdusa.com /opt/websphere/appserver/installedApps/s0adcw3s1d3/asr_cfmx.ear/cfusion.war/cfappldata/asr/speller/server-scripts spellchecker.php
2005.01.18 08:17 B C:\Development Backup Files\asr\cfappldata\asr\speller\server-scripts\spellchecker.pl --> s0adcw3s1d3.aholdusa.com /opt/websphere/appserver/installedApps/s0adcw3s1d3/asr_cfmx.ear/cfusion.war/cfappldata/asr/speller/server-scripts spellchecker.pl
2005.01.18 14:15 B C:\Development Backup Files\asr\cfappldata\asr\speller\server-scripts\WS_FTP.LOG <-- Dev /opt/websphere/appserver/installedApps/s0adcw3s1d3/asr_cfmx.ear/cfusion.war/cfappldata/asr/speller/server-scripts WS_FTP.LOG
2005.01.18 14:17 B C:\Development Backup Files\asr\cfappldata\asr\speller\server-scripts\spellchecker.php --> s0adcw3s4p1.aholdusa.com /opt/websphere/appserver/installedApps/s0adcw3s4p1/asr_cfmx.ear/cfusion.war/cfappldata/asr/speller/server-scripts spellchecker.php
2005.01.18 14:17 B C:\Development Backup Files\asr\cfappldata\asr\speller\server-scripts\spellchecker.pl --> s0adcw3s4p1.aholdusa.com /opt/websphere/appserver/installedApps/s0adcw3s4p1/asr_cfmx.ear/cfusion.war/cfappldata/asr/speller/server-scripts spellchecker.pl
